<?xml version="1.0" encoding="UTF-8"?>
<testsuite xmlns:xsi="http://www.w3.org/2001/XMLSchema-instance" xsi:noNamespaceSchemaLocation="https://maven.apache.org/surefire/maven-surefire-plugin/xsd/surefire-test-report.xsd" name="com.moneytransfer.api.AccountTest" time="3.424" tests="5" errors="0" skipped="0" failures="0">
  <properties>
    <property name="sun.desktop" value="windows"/>
    <property name="awt.toolkit" value="sun.awt.windows.WToolkit"/>
    <property name="java.specification.version" value="11"/>
    <property name="sun.cpu.isalist" value="amd64"/>
    <property name="sun.jnu.encoding" value="GBK"/>
    <property name="java.class.path" value="D:\ws\paytransfer\api\target\test-classes;D:\ws\paytransfer\api\target\classes;C:\Users\c00720849\.m2\repository\javax\ws\rs\javax.ws.rs-api\2.1.1\javax.ws.rs-api-2.1.1.jar;C:\Users\c00720849\.m2\repository\org\glassfish\jersey\containers\jersey-container-jetty-http\2.26\jersey-container-jetty-http-2.26.jar;C:\Users\c00720849\.m2\repository\org\glassfish\hk2\external\javax.inject\2.5.0-b42\javax.inject-2.5.0-b42.jar;C:\Users\c00720849\.m2\repository\org\eclipse\jetty\jetty-continuation\9.4.3.v20170317\jetty-continuation-9.4.3.v20170317.jar;C:\Users\c00720849\.m2\repository\org\glassfish\jersey\core\jersey-common\2.26\jersey-common-2.26.jar;C:\Users\c00720849\.m2\repository\org\glassfish\hk2\osgi-resource-locator\1.0.1\osgi-resource-locator-1.0.1.jar;C:\Users\c00720849\.m2\repository\org\eclipse\jetty\jetty-util\9.4.0.v20161208\jetty-util-9.4.0.v20161208.jar;C:\Users\c00720849\.m2\repository\org\glassfish\jersey\core\jersey-server\2.26\jersey-server-2.26.jar;C:\Users\c00720849\.m2\repository\org\glassfish\jersey\core\jersey-client\2.26\jersey-client-2.26.jar;C:\Users\c00720849\.m2\repository\org\glassfish\jersey\media\jersey-media-jaxb\2.26\jersey-media-jaxb-2.26.jar;C:\Users\c00720849\.m2\repository\javax\annotation\javax.annotation-api\1.2\javax.annotation-api-1.2.jar;C:\Users\c00720849\.m2\repository\javax\validation\validation-api\1.1.0.Final\validation-api-1.1.0.Final.jar;C:\Users\c00720849\.m2\repository\org\glassfish\jersey\containers\jersey-container-servlet-core\2.26\jersey-container-servlet-core-2.26.jar;C:\Users\c00720849\.m2\repository\org\eclipse\jetty\jetty-servlet\9.4.0.v20161208\jetty-servlet-9.4.0.v20161208.jar;C:\Users\c00720849\.m2\repository\org\eclipse\jetty\jetty-security\9.4.0.v20161208\jetty-security-9.4.0.v20161208.jar;C:\Users\c00720849\.m2\repository\org\eclipse\jetty\jetty-server\9.4.0.v20161208\jetty-server-9.4.0.v20161208.jar;C:\Users\c00720849\.m2\repository\javax\servlet\javax.servlet-api\3.1.0\javax.servlet-api-3.1.0.jar;C:\Users\c00720849\.m2\repository\org\eclipse\jetty\jetty-http\9.4.0.v20161208\jetty-http-9.4.0.v20161208.jar;C:\Users\c00720849\.m2\repository\org\eclipse\jetty\jetty-io\9.4.0.v20161208\jetty-io-9.4.0.v20161208.jar;C:\Users\c00720849\.m2\repository\org\glassfish\jersey\test-framework\providers\jersey-test-framework-provider-jetty\2.26\jersey-test-framework-provider-jetty-2.26.jar;C:\Users\c00720849\.m2\repository\org\glassfish\jersey\test-framework\jersey-test-framework-core\2.26\jersey-test-framework-core-2.26.jar;C:\Users\c00720849\.m2\repository\junit\junit\4.12\junit-4.12.jar;C:\Users\c00720849\.m2\repository\org\hamcrest\hamcrest-core\1.3\hamcrest-core-1.3.jar;C:\Users\c00720849\.m2\repository\javax\xml\bind\jaxb-api\2.2.11\jaxb-api-2.2.11.jar;C:\Users\c00720849\.m2\repository\com\sun\xml\bind\jaxb-core\2.2.11\jaxb-core-2.2.11.jar;C:\Users\c00720849\.m2\repository\com\sun\xml\bind\jaxb-impl\2.2.11\jaxb-impl-2.2.11.jar;C:\Users\c00720849\.m2\repository\javax\activation\activation\1.1.1\activation-1.1.1.jar;C:\Users\c00720849\.m2\repository\org\glassfish\jersey\inject\jersey-hk2\2.28\jersey-hk2-2.28.jar;C:\Users\c00720849\.m2\repository\org\glassfish\hk2\hk2-locator\2.5.0\hk2-locator-2.5.0.jar;C:\Users\c00720849\.m2\repository\org\glassfish\hk2\external\jakarta.inject\2.5.0\jakarta.inject-2.5.0.jar;C:\Users\c00720849\.m2\repository\org\glassfish\hk2\external\aopalliance-repackaged\2.5.0\aopalliance-repackaged-2.5.0.jar;C:\Users\c00720849\.m2\repository\org\glassfish\hk2\hk2-api\2.5.0\hk2-api-2.5.0.jar;C:\Users\c00720849\.m2\repository\org\glassfish\hk2\hk2-utils\2.5.0\hk2-utils-2.5.0.jar;C:\Users\c00720849\.m2\repository\jakarta\annotation\jakarta.annotation-api\1.3.4\jakarta.annotation-api-1.3.4.jar;C:\Users\c00720849\.m2\repository\org\javassist\javassist\3.22.0-CR2\javassist-3.22.0-CR2.jar;C:\Users\c00720849\.m2\repository\org\glassfish\jersey\media\jersey-media-json-jackson\2.28\jersey-media-json-jackson-2.28.jar;C:\Users\c00720849\.m2\repository\org\glassfish\jersey\ext\jersey-entity-filtering\2.28\jersey-entity-filtering-2.28.jar;C:\Users\c00720849\.m2\repository\jakarta\ws\rs\jakarta.ws.rs-api\2.1.5\jakarta.ws.rs-api-2.1.5.jar;C:\Users\c00720849\.m2\repository\com\fasterxml\jackson\core\jackson-annotations\2.9.8\jackson-annotations-2.9.8.jar;C:\Users\c00720849\.m2\repository\com\fasterxml\jackson\core\jackson-databind\2.9.8\jackson-databind-2.9.8.jar;C:\Users\c00720849\.m2\repository\com\fasterxml\jackson\core\jackson-core\2.9.8\jackson-core-2.9.8.jar;C:\Users\c00720849\.m2\repository\com\fasterxml\jackson\module\jackson-module-jaxb-annotations\2.9.8\jackson-module-jaxb-annotations-2.9.8.jar;C:\Users\c00720849\.m2\repository\org\glassfish\jersey\media\jersey-media-moxy\2.28\jersey-media-moxy-2.28.jar;C:\Users\c00720849\.m2\repository\jakarta\json\jakarta.json-api\1.1.5\jakarta.json-api-1.1.5.jar;C:\Users\c00720849\.m2\repository\org\glassfish\jakarta.json\1.1.5\jakarta.json-1.1.5.jar;C:\Users\c00720849\.m2\repository\org\eclipse\persistence\org.eclipse.persistence.moxy\2.7.4\org.eclipse.persistence.moxy-2.7.4.jar;C:\Users\c00720849\.m2\repository\org\eclipse\persistence\org.eclipse.persistence.core\2.7.4\org.eclipse.persistence.core-2.7.4.jar;C:\Users\c00720849\.m2\repository\org\eclipse\persistence\org.eclipse.persistence.asm\2.7.4\org.eclipse.persistence.asm-2.7.4.jar;"/>
    <property name="java.vm.vendor" value="Oracle Corporation"/>
    <property name="sun.arch.data.model" value="64"/>
    <property name="user.variant" value=""/>
    <property name="java.vendor.url" value="http://java.oracle.com/"/>
    <property name="user.timezone" value="Asia/Istanbul"/>
    <property name="java.vm.specification.version" value="11"/>
    <property name="os.name" value="Windows 10"/>
    <property name="sun.java.launcher" value="SUN_STANDARD"/>
    <property name="user.country" value="US"/>
    <property name="sun.boot.library.path" value="D:\Java\jdk-11.0.2\bin"/>
    <property name="sun.java.command" value="C:\Users\C00720~1\AppData\Local\Temp\surefire9476453111305787767\surefirebooter3255412536353653916.jar C:\Users\c00720849\AppData\Local\Temp\surefire9476453111305787767 2019-04-11T02-23-04_201-jvmRun1 surefire16762452853636012550tmp surefire_015167613909556424630tmp"/>
    <property name="jdk.debug" value="release"/>
    <property name="surefire.test.class.path" value="D:\ws\paytransfer\api\target\test-classes;D:\ws\paytransfer\api\target\classes;C:\Users\c00720849\.m2\repository\javax\ws\rs\javax.ws.rs-api\2.1.1\javax.ws.rs-api-2.1.1.jar;C:\Users\c00720849\.m2\repository\org\glassfish\jersey\containers\jersey-container-jetty-http\2.26\jersey-container-jetty-http-2.26.jar;C:\Users\c00720849\.m2\repository\org\glassfish\hk2\external\javax.inject\2.5.0-b42\javax.inject-2.5.0-b42.jar;C:\Users\c00720849\.m2\repository\org\eclipse\jetty\jetty-continuation\9.4.3.v20170317\jetty-continuation-9.4.3.v20170317.jar;C:\Users\c00720849\.m2\repository\org\glassfish\jersey\core\jersey-common\2.26\jersey-common-2.26.jar;C:\Users\c00720849\.m2\repository\org\glassfish\hk2\osgi-resource-locator\1.0.1\osgi-resource-locator-1.0.1.jar;C:\Users\c00720849\.m2\repository\org\eclipse\jetty\jetty-util\9.4.0.v20161208\jetty-util-9.4.0.v20161208.jar;C:\Users\c00720849\.m2\repository\org\glassfish\jersey\core\jersey-server\2.26\jersey-server-2.26.jar;C:\Users\c00720849\.m2\repository\org\glassfish\jersey\core\jersey-client\2.26\jersey-client-2.26.jar;C:\Users\c00720849\.m2\repository\org\glassfish\jersey\media\jersey-media-jaxb\2.26\jersey-media-jaxb-2.26.jar;C:\Users\c00720849\.m2\repository\javax\annotation\javax.annotation-api\1.2\javax.annotation-api-1.2.jar;C:\Users\c00720849\.m2\repository\javax\validation\validation-api\1.1.0.Final\validation-api-1.1.0.Final.jar;C:\Users\c00720849\.m2\repository\org\glassfish\jersey\containers\jersey-container-servlet-core\2.26\jersey-container-servlet-core-2.26.jar;C:\Users\c00720849\.m2\repository\org\eclipse\jetty\jetty-servlet\9.4.0.v20161208\jetty-servlet-9.4.0.v20161208.jar;C:\Users\c00720849\.m2\repository\org\eclipse\jetty\jetty-security\9.4.0.v20161208\jetty-security-9.4.0.v20161208.jar;C:\Users\c00720849\.m2\repository\org\eclipse\jetty\jetty-server\9.4.0.v20161208\jetty-server-9.4.0.v20161208.jar;C:\Users\c00720849\.m2\repository\javax\servlet\javax.servlet-api\3.1.0\javax.servlet-api-3.1.0.jar;C:\Users\c00720849\.m2\repository\org\eclipse\jetty\jetty-http\9.4.0.v20161208\jetty-http-9.4.0.v20161208.jar;C:\Users\c00720849\.m2\repository\org\eclipse\jetty\jetty-io\9.4.0.v20161208\jetty-io-9.4.0.v20161208.jar;C:\Users\c00720849\.m2\repository\org\glassfish\jersey\test-framework\providers\jersey-test-framework-provider-jetty\2.26\jersey-test-framework-provider-jetty-2.26.jar;C:\Users\c00720849\.m2\repository\org\glassfish\jersey\test-framework\jersey-test-framework-core\2.26\jersey-test-framework-core-2.26.jar;C:\Users\c00720849\.m2\repository\junit\junit\4.12\junit-4.12.jar;C:\Users\c00720849\.m2\repository\org\hamcrest\hamcrest-core\1.3\hamcrest-core-1.3.jar;C:\Users\c00720849\.m2\repository\javax\xml\bind\jaxb-api\2.2.11\jaxb-api-2.2.11.jar;C:\Users\c00720849\.m2\repository\com\sun\xml\bind\jaxb-core\2.2.11\jaxb-core-2.2.11.jar;C:\Users\c00720849\.m2\repository\com\sun\xml\bind\jaxb-impl\2.2.11\jaxb-impl-2.2.11.jar;C:\Users\c00720849\.m2\repository\javax\activation\activation\1.1.1\activation-1.1.1.jar;C:\Users\c00720849\.m2\repository\org\glassfish\jersey\inject\jersey-hk2\2.28\jersey-hk2-2.28.jar;C:\Users\c00720849\.m2\repository\org\glassfish\hk2\hk2-locator\2.5.0\hk2-locator-2.5.0.jar;C:\Users\c00720849\.m2\repository\org\glassfish\hk2\external\jakarta.inject\2.5.0\jakarta.inject-2.5.0.jar;C:\Users\c00720849\.m2\repository\org\glassfish\hk2\external\aopalliance-repackaged\2.5.0\aopalliance-repackaged-2.5.0.jar;C:\Users\c00720849\.m2\repository\org\glassfish\hk2\hk2-api\2.5.0\hk2-api-2.5.0.jar;C:\Users\c00720849\.m2\repository\org\glassfish\hk2\hk2-utils\2.5.0\hk2-utils-2.5.0.jar;C:\Users\c00720849\.m2\repository\jakarta\annotation\jakarta.annotation-api\1.3.4\jakarta.annotation-api-1.3.4.jar;C:\Users\c00720849\.m2\repository\org\javassist\javassist\3.22.0-CR2\javassist-3.22.0-CR2.jar;C:\Users\c00720849\.m2\repository\org\glassfish\jersey\media\jersey-media-json-jackson\2.28\jersey-media-json-jackson-2.28.jar;C:\Users\c00720849\.m2\repository\org\glassfish\jersey\ext\jersey-entity-filtering\2.28\jersey-entity-filtering-2.28.jar;C:\Users\c00720849\.m2\repository\jakarta\ws\rs\jakarta.ws.rs-api\2.1.5\jakarta.ws.rs-api-2.1.5.jar;C:\Users\c00720849\.m2\repository\com\fasterxml\jackson\core\jackson-annotations\2.9.8\jackson-annotations-2.9.8.jar;C:\Users\c00720849\.m2\repository\com\fasterxml\jackson\core\jackson-databind\2.9.8\jackson-databind-2.9.8.jar;C:\Users\c00720849\.m2\repository\com\fasterxml\jackson\core\jackson-core\2.9.8\jackson-core-2.9.8.jar;C:\Users\c00720849\.m2\repository\com\fasterxml\jackson\module\jackson-module-jaxb-annotations\2.9.8\jackson-module-jaxb-annotations-2.9.8.jar;C:\Users\c00720849\.m2\repository\org\glassfish\jersey\media\jersey-media-moxy\2.28\jersey-media-moxy-2.28.jar;C:\Users\c00720849\.m2\repository\jakarta\json\jakarta.json-api\1.1.5\jakarta.json-api-1.1.5.jar;C:\Users\c00720849\.m2\repository\org\glassfish\jakarta.json\1.1.5\jakarta.json-1.1.5.jar;C:\Users\c00720849\.m2\repository\org\eclipse\persistence\org.eclipse.persistence.moxy\2.7.4\org.eclipse.persistence.moxy-2.7.4.jar;C:\Users\c00720849\.m2\repository\org\eclipse\persistence\org.eclipse.persistence.core\2.7.4\org.eclipse.persistence.core-2.7.4.jar;C:\Users\c00720849\.m2\repository\org\eclipse\persistence\org.eclipse.persistence.asm\2.7.4\org.eclipse.persistence.asm-2.7.4.jar;"/>
    <property name="sun.cpu.endian" value="little"/>
    <property name="user.home" value="C:\Users\c00720849"/>
    <property name="user.language" value="en"/>
    <property name="java.specification.vendor" value="Oracle Corporation"/>
    <property name="java.version.date" value="2019-01-15"/>
    <property name="java.home" value="D:\Java\jdk-11.0.2"/>
    <property name="file.separator" value="\"/>
    <property name="basedir" value="D:\ws\paytransfer\api"/>
    <property name="java.vm.compressedOopsMode" value="Zero based"/>
    <property name="line.separator" value="&#10;"/>
    <property name="java.specification.name" value="Java Platform API Specification"/>
    <property name="java.vm.specification.vendor" value="Oracle Corporation"/>
    <property name="java.awt.graphicsenv" value="sun.awt.Win32GraphicsEnvironment"/>
    <property name="surefire.real.class.path" value="C:\Users\C00720~1\AppData\Local\Temp\surefire9476453111305787767\surefirebooter3255412536353653916.jar"/>
    <property name="user.script" value=""/>
    <property name="sun.management.compiler" value="HotSpot 64-Bit Tiered Compilers"/>
    <property name="java.runtime.version" value="11.0.2+9-LTS"/>
    <property name="user.name" value="C00720849"/>
    <property name="path.separator" value=";"/>
    <property name="os.version" value="10.0"/>
    <property name="java.runtime.name" value="Java(TM) SE Runtime Environment"/>
    <property name="file.encoding" value="GBK"/>
    <property name="java.vm.name" value="Java HotSpot(TM) 64-Bit Server VM"/>
    <property name="java.vendor.version" value="18.9"/>
    <property name="localRepository" value="C:\Users\c00720849\.m2\repository"/>
    <property name="java.vendor.url.bug" value="http://bugreport.java.com/bugreport/"/>
    <property name="java.io.tmpdir" value="C:\Users\C00720~1\AppData\Local\Temp\"/>
    <property name="java.version" value="11.0.2"/>
    <property name="user.dir" value="D:\ws\paytransfer\api"/>
    <property name="os.arch" value="amd64"/>
    <property name="java.vm.specification.name" value="Java Virtual Machine Specification"/>
    <property name="java.awt.printerjob" value="sun.awt.windows.WPrinterJob"/>
    <property name="sun.os.patch.level" value=""/>
    <property name="java.library.path" value="D:\Java\jdk-11.0.2\bin;C:\windows\Sun\Java\bin;C:\windows\system32;C:\windows;D:/Java/jdk-11.0.2/bin/server;D:/Java/jdk-11.0.2/bin;C:\ProgramData\DockerDesktop\version-bin;C:\Program Files\Docker\Docker\Resources\bin;C:\windows;C:\windows\system32;C:\windows\System32\Wbem;C:\windows\System32\WindowsPowerShell\v1.0;C:\Windows;C:\Windows\system32;C:\Windows\System32\Wbem;C:\Windows\System32\WindowsPowerShell\v1.0;C:\Program Files (x86)\Intel\Intel(R) Management Engine Components\iCLS\;C:\Program Files\Intel\Intel(R) Management Engine Components\iCLS\;C:\windows\System32\WindowsPowerShell\v1.0\;C:\windows\System32\OpenSSH\;C:\Program Files (x86)\Intel\Intel(R) Management Engine Components\DAL;C:\Program Files\Intel\Intel(R) Management Engine Components\DAL;C:\Program Files (x86)\Intel\Intel(R) Management Engine Components\IPT;C:\Program Files\Intel\Intel(R) Management Engine Components\IPT;D:\programs\Git\cmd;D:\Java\jdk-11.0.2\bin;D:\IDE\Microsoft VS Code\bin;D:\PuTTY\;C:\Users\c00720849\.cargo\bin;D:\Programs\Python\Python37-32\Scripts\;D:\Programs\Python\Python37-32\;C:\Users\c00720849\AppData\Local\Microsoft\WindowsApps;;C:\windows\system32;;."/>
    <property name="java.vendor" value="Oracle Corporation"/>
    <property name="java.vm.info" value="mixed mode"/>
    <property name="java.vm.version" value="11.0.2+9-LTS"/>
    <property name="sun.io.unicode.encoding" value="UnicodeLittle"/>
    <property name="java.class.version" value="55.0"/>
  </properties>
  <testcase name="testInvalidCurrencySymbolCreate" classname="com.moneytransfer.api.AccountTest" time="2.43"/>
  <testcase name="testNotFoundCreate" classname="com.moneytransfer.api.AccountTest" time="0.336"/>
  <testcase name="testCreate" classname="com.moneytransfer.api.AccountTest" time="0.194"/>
  <testcase name="testDelete" classname="com.moneytransfer.api.AccountTest" time="0.107"/>
  <testcase name="testModify" classname="com.moneytransfer.api.AccountTest" time="0.144"/>
</testsuite>